
running rubik3
The goal state is: RED RED RED RED RED RED RED RED GREEN GREEN GREEN GREEN GREEN GREEN GREEN GREEN BLUE BLUE BLUE BLUE BLUE BLUE BLUE BLUE YELLOW YELLOW YELLOW YELLOW YELLOW YELLOW YELLOW YELLOW ORANGE ORANGE ORANGE ORANGE ORANGE ORANGE ORANGE ORANGE WHITE WHITE WHITE WHITE WHITE WHITE WHITE WHITE 
elapsed time: 10.000001 s, nodes generated = 20724631 
elapsed time: 20.000002 s, nodes generated = 41162906 
elapsed time: 30.000000 s, nodes generated = 61843846 
elapsed time: 40.000000 s, nodes generated = 82056891 
elapsed time: 50.000000 s, nodes generated = 103359396 
elapsed time: 60.000000 s, nodes generated = 124970191 
nodes generated per second = 2082836.500000

running 15_puzzle
The goal state is: B 1 2 3 4 5 6 7 8 9 10 11 12 13 14 15 
elapsed time: 10.000000 s, nodes generated = 5169576 
elapsed time: 20.000000 s, nodes generated = 10363766 
elapsed time: 30.000000 s, nodes generated = 15613164 
elapsed time: 40.000000 s, nodes generated = 20832381 
elapsed time: 50.000000 s, nodes generated = 25639261 
elapsed time: 60.000000 s, nodes generated = 30670770 
nodes generated per second = 511179.500000
The goal state is: B 1 2 3 4 5 6 7 8 9 10 11 12 13 14 15 16 17 18 19 20 21 22 23 24 
elapsed time: 10.000000 s, nodes generated = 5080976 
elapsed time: 20.000002 s, nodes generated = 10199097 
elapsed time: 30.000002 s, nodes generated = 15302762 
elapsed time: 40.000000 s, nodes generated = 20351119 
elapsed time: 50.000000 s, nodes generated = 25349995 
elapsed time: 60.000000 s, nodes generated = 30465711 
nodes generated per second = 507761.875000

running hanoi4_12
The goal state is: 1 0 0 0 1 0 0 0 1 0 0 0 1 0 0 0 1 0 0 0 1 0 0 0 1 0 0 0 1 0 0 0 1 0 0 0 1 0 0 0 1 0 0 0 1 0 0 0 
elapsed time: 10.000001 s, nodes generated = 5167321 
elapsed time: 20.000000 s, nodes generated = 10264358 
elapsed time: 30.000002 s, nodes generated = 15344211 
elapsed time: 40.000000 s, nodes generated = 20485819 
elapsed time: 50.000000 s, nodes generated = 25671107 
elapsed time: 60.000000 s, nodes generated = 30854925 
nodes generated per second = 514248.718750

running hanoi4_14
The goal state is: 1 0 0 0 1 0 0 0 1 0 0 0 1 0 0 0 1 0 0 0 1 0 0 0 1 0 0 0 1 0 0 0 1 0 0 0 1 0 0 0 1 0 0 0 1 0 0 0 1 0 0 0 1 0 0 0 
elapsed time: 10.000000 s, nodes generated = 5068248 
elapsed time: 20.000002 s, nodes generated = 10098702 
elapsed time: 30.000000 s, nodes generated = 15198409 
elapsed time: 40.000000 s, nodes generated = 20291961 
elapsed time: 50.000000 s, nodes generated = 25379450 
elapsed time: 60.000000 s, nodes generated = 30554521 
nodes generated per second = 509242.000000

running hanoi4_17
The goal state is: 1 0 0 0 1 0 0 0 1 0 0 0 1 0 0 0 1 0 0 0 1 0 0 0 1 0 0 0 1 0 0 0 1 0 0 0 1 0 0 0 1 0 0 0 1 0 0 0 1 0 0 0 1 0 0 0 1 0 0 0 1 0 0 0 1 0 0 0 
elapsed time: 10.000001 s, nodes generated = 5131902 
elapsed time: 20.000002 s, nodes generated = 10195198 
elapsed time: 30.000002 s, nodes generated = 15374711 
elapsed time: 40.000000 s, nodes generated = 20502302 
elapsed time: 50.000000 s, nodes generated = 25643951 
elapsed time: 60.000000 s, nodes generated = 30693184 
nodes generated per second = 511553.062500

running topspin12_4
The goal state is: 1 2 3 4 5 6 7 8 9 10 11 12 
elapsed time: 10.000001 s, nodes generated = 53484888 
elapsed time: 20.000002 s, nodes generated = 107720616 
elapsed time: 30.000002 s, nodes generated = 162203796 
elapsed time: 40.000000 s, nodes generated = 216648468 
elapsed time: 50.000000 s, nodes generated = 272628888 
elapsed time: 60.000000 s, nodes generated = 328264308 
nodes generated per second = 5471072.000000

running topspin14_4
The goal state is: 1 2 3 4 5 6 7 8 9 10 11 12 13 14 
elapsed time: 10.000001 s, nodes generated = 62147036 
elapsed time: 20.000000 s, nodes generated = 124176948 
elapsed time: 30.000002 s, nodes generated = 186083212 
elapsed time: 40.000000 s, nodes generated = 245661584 
elapsed time: 50.000000 s, nodes generated = 305292582 
elapsed time: 60.000000 s, nodes generated = 366227862 
nodes generated per second = 6103798.000000

running topspin17_4
The goal state is: 1 2 3 4 5 6 7 8 9 10 11 12 13 14 15 16 17 
elapsed time: 10.000000 s, nodes generated = 68297551 
elapsed time: 20.000002 s, nodes generated = 136414902 
elapsed time: 30.000000 s, nodes generated = 203231192 
elapsed time: 40.000004 s, nodes generated = 267204130 
elapsed time: 50.000000 s, nodes generated = 331472562 
elapsed time: 60.000000 s, nodes generated = 394761913 
nodes generated per second = 6579365.500000
